e:\irr\irrlicht-1.8.1\irrlicht-1.8.1\examples\02.quake3map\debug\vc140.pdb
e:\irr\irrlicht-1.8.1\irrlicht-1.8.1\examples\02.quake3map\debug\vc140.idb
e:\irr\irrlicht-1.8.1\irrlicht-1.8.1\examples\02.quake3map\debug\ttank.obj
e:\irr\irrlicht-1.8.1\irrlicht-1.8.1\examples\02.quake3map\debug\main.obj
e:\irr\irrlicht-1.8.1\irrlicht-1.8.1\examples\02.quake3map\debug\tworld.obj
e:\irr\irrlicht-1.8.1\irrlicht-1.8.1\examples\02.quake3map\debug\tgame.obj
e:\irr\irrlicht-1.8.1\irrlicht-1.8.1\examples\02.quake3map\debug\tplayertank.obj
e:\irr\irrlicht-1.8.1\irrlicht-1.8.1\examples\02.quake3map\debug\tmath.obj
e:\irr\irrlicht-1.8.1\irrlicht-1.8.1\examples\02.quake3map\debug\tevent.obj
e:\irr\irrlicht-1.8.1\irrlicht-1.8.1\examples\02.quake3map\debug\thelp.obj
e:\irr\irrlicht-1.8.1\irrlicht-1.8.1\examples\02.quake3map\debug\tconfig.obj
e:\irr\irrlicht-1.8.1\irrlicht-1.8.1\bin\win32-visualstudio\02.quake3map.ilk
e:\irr\irrlicht-1.8.1\irrlicht-1.8.1\bin\win32-visualstudio\02.quake3map.exe
e:\irr\irrlicht-1.8.1\irrlicht-1.8.1\bin\win32-visualstudio\02.quake3map.pdb
e:\irr\irrlicht-1.8.1\irrlicht-1.8.1\examples\02.quake3map\..\..\bin\win32-visualstudio\02.quake3map.exe
e:\irr\irrlicht-1.8.1\irrlicht-1.8.1\examples\02.quake3map\debug\02.quake3map.tlog\cl.command.1.tlog
e:\irr\irrlicht-1.8.1\irrlicht-1.8.1\examples\02.quake3map\debug\02.quake3map.tlog\cl.read.1.tlog
e:\irr\irrlicht-1.8.1\irrlicht-1.8.1\examples\02.quake3map\debug\02.quake3map.tlog\cl.write.1.tlog
e:\irr\irrlicht-1.8.1\irrlicht-1.8.1\examples\02.quake3map\debug\02.quake3map.tlog\link.command.1.tlog
e:\irr\irrlicht-1.8.1\irrlicht-1.8.1\examples\02.quake3map\debug\02.quake3map.tlog\link.read.1.tlog
e:\irr\irrlicht-1.8.1\irrlicht-1.8.1\examples\02.quake3map\debug\02.quake3map.tlog\link.write.1.tlog
